C:\LEADTOOLS22\Examples\Viewers\JS\DocumentViewerDemo\site\Converter\Dialogs\AdvancedPdfOptionsDlg.js
C:\LEADTOOLS22\Examples\Viewers\JS\DocumentViewerDemo\site\Converter\Dialogs\DocumentConverterDlg.js
C:\LEADTOOLS22\Examples\Viewers\JS\DocumentViewerDemo\site\Converter\Dialogs\DocumentFormatOptionsDlg.js
C:\LEADTOOLS22\Examples\Viewers\JS\DocumentViewerDemo\site\Converter\Dialogs\SaveToDlg.js
C:\LEADTOOLS22\Examples\Viewers\JS\DocumentViewerDemo\site\Converter\DocumentConverterFormats.js
C:\LEADTOOLS22\Examples\Viewers\JS\DocumentViewerDemo\site\Dialogs\AttachmentPropertiesDlg.js
C:\LEADTOOLS22\Examples\Viewers\JS\DocumentViewerDemo\site\Dialogs\AutoRedactionDlg.js
C:\LEADTOOLS22\Examples\Viewers\JS\DocumentViewerDemo\site\Dialogs\ColorPicker.js
C:\LEADTOOLS22\Examples\Viewers\JS\DocumentViewerDemo\site\Dialogs\CustomRenderModeDlg.js
C:\LEADTOOLS22\Examples\Viewers\JS\DocumentViewerDemo\site\Dialogs\DocumentPropertiesDlg.js
C:\LEADTOOLS22\Examples\Viewers\JS\DocumentViewerDemo\site\Dialogs\DocumentRedactionOptionsDlg.js
C:\LEADTOOLS22\Examples\Viewers\JS\DocumentViewerDemo\site\Dialogs\DocumentViewerOptionsDlg.js
C:\LEADTOOLS22\Examples\Viewers\JS\DocumentViewerDemo\site\Dialogs\InputDlg.js
C:\LEADTOOLS22\Examples\Viewers\JS\DocumentViewerDemo\site\Dialogs\LinkValueDlg.js
C:\LEADTOOLS22\Examples\Viewers\JS\DocumentViewerDemo\site\Dialogs\LoadingDlg.js
C:\LEADTOOLS22\Examples\Viewers\JS\DocumentViewerDemo\site\Dialogs\OpenDocumentDlg.js
C:\LEADTOOLS22\Examples\Viewers\JS\DocumentViewerDemo\site\Dialogs\VideoPlayer.js
C:\LEADTOOLS22\Examples\Viewers\JS\DocumentViewerDemo\site\Dialogs\PageRotationDlg.js
C:\LEADTOOLS22\Examples\Viewers\JS\DocumentViewerDemo\site\Dialogs\PagesDlg.js
C:\LEADTOOLS22\Examples\Viewers\JS\DocumentViewerDemo\site\Dialogs\PrintDlg.js
C:\LEADTOOLS22\Examples\Viewers\JS\DocumentViewerDemo\site\Dialogs\ProcessingPagesDlg.js
C:\LEADTOOLS22\Examples\Viewers\JS\DocumentViewerDemo\site\DriveHelper\DriveHelper.js
C:\LEADTOOLS22\Examples\Viewers\JS\DocumentViewerDemo\site\DriveHelper\SharePointService.js
C:\LEADTOOLS22\Examples\Viewers\JS\DocumentViewerDemo\site\DriveHelper\SharePointPickerDlg.js
C:\LEADTOOLS22\Examples\Viewers\JS\DocumentViewerDemo\site\Main\CommandBinder.js
C:\LEADTOOLS22\Examples\Viewers\JS\DocumentViewerDemo\site\Main\Main.Annotations.js
C:\LEADTOOLS22\Examples\Viewers\JS\DocumentViewerDemo\site\Main\Main.Attachments.js
C:\LEADTOOLS22\Examples\Viewers\JS\DocumentViewerDemo\site\Main\Main.Edit.js
C:\LEADTOOLS22\Examples\Viewers\JS\DocumentViewerDemo\site\Main\Main.File.js
C:\LEADTOOLS22\Examples\Viewers\JS\DocumentViewerDemo\site\Main\Main.Interactive.js
C:\LEADTOOLS22\Examples\Viewers\JS\DocumentViewerDemo\site\Main\Main.History.js
C:\LEADTOOLS22\Examples\Viewers\JS\DocumentViewerDemo\site\Main\Main.Page.js
C:\LEADTOOLS22\Examples\Viewers\JS\DocumentViewerDemo\site\Main\Main.Preferences.js
C:\LEADTOOLS22\Examples\Viewers\JS\DocumentViewerDemo\site\Main\Main.js
C:\LEADTOOLS22\Examples\Viewers\JS\DocumentViewerDemo\site\Main\Main.View.js
